"../../../../../../Users/Tishka/Desktop/Folders/UE4Projects/GameJam/Content/Actors/PNG_Decals/biohazard_PNG59.uasset" 0
"../../../../../../Users/Tishka/Desktop/Folders/UE4Projects/GameJam/Content/Actors/PNG_Decals/biohazard_PNG59_Mat.uasset" 1
"../../../../../../Users/Tishka/Desktop/Folders/UE4Projects/GameJam/Content/Actors/biohazard_PNG59_Mat.uasset" 2
"../../../Engine/Content/Functions/Engine_MaterialFunctions02/Utility/VectorLength.uasset" 3
"../../../Engine/Content/Functions/Engine_MaterialFunctions02/WorldPositionOffset/ObjectScale.uasset" 4
"../../Plugins/Enterprise/DatasmithContent/Content/Materials/FBXImporter/VRED/VREDRepeatMode.uasset" 5
"../../../Engine/Content/Functions/Engine_MaterialFunctions02/Texturing/CustomRotator.uasset" 6
"../../Plugins/Enterprise/DatasmithContent/Content/Materials/FBXImporter/VRED/UVMapping.uasset" 7
"../../../Engine/Content/Functions/Engine_MaterialFunctions02/WorldPositionOffset/LocalPosition.uasset" 8
"../../../Engine/Content/Functions/Engine_MaterialFunctions02/Utility/MakeFloat2.uasset" 9
"../../Plugins/Enterprise/DatasmithContent/Content/Materials/FBXImporter/VRED/TriplanarMapping.uasset" 10
"../../Plugins/Enterprise/DatasmithContent/Content/Materials/FBXImporter/VRED/PlanarMapping.uasset" 11
"../../Plugins/Enterprise/DatasmithContent/Content/Materials/FBXImporter/VRED/VREDTextureRead.uasset" 12
"../../../Engine/Content/Functions/Engine_MaterialFunctions01/Texturing/FlattenNormal.uasset" 13
"../../../Engine/Content/Functions/Engine_MaterialFunctions02/Utility/MakeFloat3.uasset" 14
"../../Plugins/Enterprise/DatasmithContent/Content/Materials/FBXImporter/VRED/ProcessNormal.uasset" 15
"../../../Engine/Content/Functions/Engine_MaterialFunctions01/Texturing/BakedDisplacement.uasset" 16
"../../Plugins/Enterprise/DatasmithContent/Content/Materials/FBXImporter/VRED/Chrome.uasset" 17
"../../Plugins/Developer/AnimationSharing/Content/AnimSharingBase.uasset" 18
"../../Plugins/Developer/AnimationSharing/Content/AnimSharingGreen.uasset" 19
"../../../../../../Users/Tishka/Desktop/Folders/UE4Projects/GameJam/Content/Mannequin/Character/Mesh/SK_Mannequin_PhysicsAsset.uasset" 20
"../../../../../../Users/Tishka/Desktop/Folders/UE4Projects/GameJam/Content/Mannequin/Character/Textures/T_UE4Logo_N.uasset" 21
"../../../../../../Users/Tishka/Desktop/Folders/UE4Projects/GameJam/Content/Mannequin/Character/Textures/T_UE4Logo_Mask.uasset" 22
"../../../../../../Users/Tishka/Desktop/Folders/UE4Projects/GameJam/Content/Mannequin/Character/Textures/T_Male_N.uasset" 23
"../../../../../../Users/Tishka/Desktop/Folders/UE4Projects/GameJam/Content/Mannequin/Character/Textures/T_Male_Mask.uasset" 24
"../../../../../../Users/Tishka/Desktop/Folders/UE4Projects/GameJam/Content/Mannequin/Character/Materials/MaterialLayers/T_ML_Rubber_Blue_01_N.uasset" 25
"../../../../../../Users/Tishka/Desktop/Folders/UE4Projects/GameJam/Content/Mannequin/Character/Materials/MaterialLayers/T_ML_Rubber_Blue_01_D.uasset" 26
"../../../../../../Users/Tishka/Desktop/Folders/UE4Projects/GameJam/Content/Mannequin/Character/Materials/MaterialLayers/T_ML_Aluminum01.uasset" 27
"../../../../../../Users/Tishka/Desktop/Folders/UE4Projects/GameJam/Content/Mannequin/Character/Materials/MaterialLayers/T_ML_Aluminum01_N.uasset" 28
"../../../../../../Users/Tishka/Desktop/Folders/UE4Projects/GameJam/Content/Mannequin/Character/Materials/MaterialLayers/ML_SoftMetal_UE4.uasset" 29
"../../../../../../Users/Tishka/Desktop/Folders/UE4Projects/GameJam/Content/Mannequin/Character/Materials/MaterialLayers/ML_Plastic_Shiny_Beige_LOGO.uasset" 30
"../../../../../../Users/Tishka/Desktop/Folders/UE4Projects/GameJam/Content/Mannequin/Character/Materials/MaterialLayers/ML_Plastic_Shiny_Beige.uasset" 31
"../../../../../../Users/Tishka/Desktop/Folders/UE4Projects/GameJam/Content/Mannequin/Character/Materials/MaterialLayers/ML_GlossyBlack_Latex_UE4.uasset" 32
"../../../Engine/Content/Functions/MaterialLayerFunctions/MatLayerBlend_Simple.uasset" 33
"../../../Engine/Content/Functions/Engine_MaterialFunctions02/Utility/BlendAngleCorrectedNormals.uasset" 34
"../../../Engine/Content/Functions/MaterialLayerFunctions/MatLayerBlend_NormalBlend.uasset" 35
"../../../../../../Users/Tishka/Desktop/Folders/UE4Projects/GameJam/Content/Mannequin/Character/Materials/M_Male_Body.uasset" 36
"../../../../../../Users/Tishka/Desktop/Folders/UE4Projects/GameJam/Content/Mannequin/Character/Materials/M_UE4Man_ChestLogo.uasset" 37
"../../../../../../Users/Tishka/Desktop/Folders/UE4Projects/GameJam/Content/Mannequin/Character/Mesh/UE4_Mannequin_Skeleton.uasset" 38
"../../../../../../Users/Tishka/Desktop/Folders/UE4Projects/GameJam/Content/Mannequin/Character/Mesh/SK_Mannequin.uasset" 39
"../../../../../../Users/Tishka/Desktop/Folders/UE4Projects/GameJam/Content/ThirdPersonBP(LevelDesignAssets)/Blueprints/system/wd_item.uasset" 40
"../../../../../../Users/Tishka/Desktop/Folders/UE4Projects/GameJam/Content/Sprites/Gui/heart.uasset" 41
"../../../../../../Users/Tishka/Desktop/Folders/UE4Projects/GameJam/Content/Sprites/Gui/049-rejected.uasset" 42
"../../../../../../Users/Tishka/Desktop/Folders/UE4Projects/GameJam/Content/Sprites/Gui/048-thumbs_up.uasset" 43
"../../../../../../Users/Tishka/Desktop/Folders/UE4Projects/GameJam/Content/ThirdPersonBP(LevelDesignAssets)/Blueprints/items_list.uasset" 44
"../../../Engine/Content/EditorBlueprintResources/StandardMacros.uasset" 45
"../../../../../../Users/Tishka/Desktop/Folders/UE4Projects/GameJam/Content/ThirdPersonBP(LevelDesignAssets)/Blueprints/system/wg_main.uasset" 46
"../../../../../../Users/Tishka/Desktop/Folders/UE4Projects/GameJam/Content/Actors/GameInstanceMain.uasset" 47
"../../../Engine/Content/EngineMaterials/T_Default_Material_Grid_N.uasset" 48
"../../../Engine/Content/EngineMaterials/T_Default_Material_Grid_M.uasset" 49
"../../../Engine/Content/Functions/Engine_MaterialFunctions01/Opacity/CameraDepthFade.uasset" 50
"../../../Engine/Content/EngineMaterials/WorldGridMaterial.uasset" 51
"../../../Engine/Content/BasicShapes/Cube.uasset" 52
"../../../Engine/Content/BasicShapes/BasicShapeMaterial.uasset" 53
"../../../../../../Users/Tishka/Desktop/Folders/UE4Projects/GameJam/Content/Actors/MovableBox.uasset" 54
"../../../../../../Users/Tishka/Desktop/Folders/UE4Projects/GameJam/Content/Models/flower1_02.uasset" 55
"../../../../../../Users/Tishka/Desktop/Folders/UE4Projects/GameJam/Content/Mannequin/Animations/ThirdPersonJump_Start.uasset" 56
"../../../../../../Users/Tishka/Desktop/Folders/UE4Projects/GameJam/Content/Mannequin/Animations/ThirdPerson_Jump.uasset" 57
"../../../../../../Users/Tishka/Desktop/Folders/UE4Projects/GameJam/Content/Mannequin/Animations/ThirdPersonWalk.uasset" 58
"../../../../../../Users/Tishka/Desktop/Folders/UE4Projects/GameJam/Content/Mannequin/Animations/ThirdPersonRun.uasset" 59
"../../../../../../Users/Tishka/Desktop/Folders/UE4Projects/GameJam/Content/Mannequin/Animations/ThirdPersonIdle.uasset" 60
"../../../../../../Users/Tishka/Desktop/Folders/UE4Projects/GameJam/Content/Mannequin/Animations/ThirdPerson_IdleRun_2D.uasset" 61
"../../../../../../Users/Tishka/Desktop/Folders/UE4Projects/GameJam/Content/Mannequin/Animations/ThirdPersonJump_Loop.uasset" 62
"../../../../../../Users/Tishka/Desktop/Folders/UE4Projects/GameJam/Content/Mannequin/Animations/ThirdPerson_AnimBP.uasset" 63
"../../../../../../Users/Tishka/Desktop/Folders/UE4Projects/GameJam/Content/ThirdPersonBP(LevelDesignAssets)/Blueprints/Level1_Objects/respawn_point.uasset" 64
"../../../Engine/Content/VREditor/Sounds/UI/Click_on_Button_Cue.uasset" 65
"../../../../../../Users/Tishka/Desktop/Folders/UE4Projects/GameJam/Content/Models/Material_013.uasset" 66
"../../../../../../Users/Tishka/Desktop/Folders/UE4Projects/GameJam/Content/Models/uploads_files_3123481_waste.uasset" 67
"../../../../../../Users/Tishka/Desktop/Folders/UE4Projects/GameJam/Content/Models/Barrel_textures/low7_None_BaseColor.uasset" 68
"../../../../../../Users/Tishka/Desktop/Folders/UE4Projects/GameJam/Content/Models/Barrel_textures/low7_None_BaseColor_Mat.uasset" 69
"../../../../../../Users/Tishka/Desktop/Folders/UE4Projects/GameJam/Content/Actors/BarrelActor.uasset" 70
"../../../Engine/Content/EngineMaterials/DefaultMaterial.uasset" 71
"../../../Engine/Content/BasicShapes/Cylinder.uasset" 72
"../../../Engine/Content/EngineDebugMaterials/VertexColorViewMode_BlueOnly.uasset" 73
"../../../../../../Users/Tishka/Desktop/Folders/UE4Projects/GameJam/Content/Actors/Healing_Box_2.uasset" 74
"../../../../../../Users/Tishka/Desktop/Folders/UE4Projects/GameJam/Content/ThirdPersonBP(LevelDesignAssets)/Blueprints/system/ThirdPersonCharacter.uasset" 75
"../../../../../../Users/Tishka/Desktop/Folders/UE4Projects/GameJam/Content/Actors/HealLight_dubl.uasset" 76
"../../../../../../Users/Tishka/Desktop/Folders/UE4Projects/GameJam/Content/Actors/Healing_Box.uasset" 77
"../../../../../../Users/Tishka/Desktop/Folders/UE4Projects/GameJam/Content/Actors/NewPlayerController.uasset" 78
"../../../../../../Users/Tishka/Desktop/Folders/UE4Projects/GameJam/Content/Actors/NewGameMode.uasset" 79
"../../../../../../Users/Tishka/Desktop/Folders/UE4Projects/GameJam/Content/Actors/StartUpdate.uasset" 80
"../../../../../../Users/Tishka/Desktop/Folders/UE4Projects/GameJam/Content/Actors/PNG_Decals/314-3143972_0-umbrella-corporation-logo.uasset" 81
"../../../../../../Users/Tishka/Desktop/Folders/UE4Projects/GameJam/Content/DefaultMaterials/M_AssetPlatform.uasset" 82
"../../../../../../Users/Tishka/Desktop/Folders/UE4Projects/GameJam/Content/DefaultMaterials/M_Glass.uasset" 83
"../../../../../../Users/Tishka/Desktop/Folders/UE4Projects/GameJam/Content/StarterContent/Textures/T_MacroVariation.uasset" 84
"../../../../../../Users/Tishka/Desktop/Folders/UE4Projects/GameJam/Content/DefaultMaterials/M_Metal_Chrome.uasset" 85
"../../../../../../Users/Tishka/Desktop/Folders/UE4Projects/GameJam/Content/StarterContent/Textures/T_Metal_Copper_D.uasset" 86
"../../../../../../Users/Tishka/Desktop/Folders/UE4Projects/GameJam/Content/StarterContent/Textures/T_Metal_Gold_N.uasset" 87
"../../../../../../Users/Tishka/Desktop/Folders/UE4Projects/GameJam/Content/DefaultMaterials/M_Metal_Copper.uasset" 88
"../../../../../../Users/Tishka/Desktop/Folders/UE4Projects/GameJam/Content/Geometry/Meshes/CubeMaterial.uasset" 89
"../../../../../../Users/Tishka/Desktop/Folders/UE4Projects/GameJam/Content/Geometry/Meshes/1M_Cube.uasset" 90
"../../../../../../Users/Tishka/Desktop/Folders/UE4Projects/GameJam/Content/Geometry/Meshes/1M_Cube_Chamfer.uasset" 91
"../../../../../../Users/Tishka/Desktop/Folders/UE4Projects/GameJam/Content/Geometry/Meshes/TemplateFloor.uasset" 92
"../../../../../../Users/Tishka/Desktop/Folders/UE4Projects/GameJam/Content/Mannequin/Animations/ThirdPersonJump_End.uasset" 93
"../../../../../../Users/Tishka/Desktop/Folders/UE4Projects/GameJam/Content/Mannequin/Character/Mesh/SK_Mannequin_Female_PhysicsAsset.uasset" 94
"../../../../../../Users/Tishka/Desktop/Folders/UE4Projects/GameJam/Content/Mannequin/Character/Textures/T_Female_N.uasset" 95
"../../../../../../Users/Tishka/Desktop/Folders/UE4Projects/GameJam/Content/Mannequin/Character/Textures/T_Female_Mask.uasset" 96
"../../../../../../Users/Tishka/Desktop/Folders/UE4Projects/GameJam/Content/Mannequin/Character/Materials/MI_Female_Body.uasset" 97
"../../../../../../Users/Tishka/Desktop/Folders/UE4Projects/GameJam/Content/Mannequin/Character/Mesh/SK_Mannequin_Female.uasset" 98
"../../../../../../Users/Tishka/Desktop/Folders/UE4Projects/GameJam/Content/Models/Barrel_textures/low7_None_Height.uasset" 99
"../../../../../../Users/Tishka/Desktop/Folders/UE4Projects/GameJam/Content/Models/Barrel_textures/low7_None_Metallic.uasset" 100
"../../../../../../Users/Tishka/Desktop/Folders/UE4Projects/GameJam/Content/Models/Barrel_textures/low7_None_Metallic_Mat.uasset" 101
"../../../../../../Users/Tishka/Desktop/Folders/UE4Projects/GameJam/Content/Models/Barrel_textures/low7_None_Normal.uasset" 102
"../../../../../../Users/Tishka/Desktop/Folders/UE4Projects/GameJam/Content/Models/Barrel_textures/low7_None_Roughness.uasset" 103
"../../../../../../Users/Tishka/Desktop/Folders/UE4Projects/GameJam/Content/Models/Barrel_textures/low7_None_Roughness_Mat.uasset" 104
"../../../../../../Users/Tishka/Desktop/Folders/UE4Projects/GameJam/Content/StarterContent/Materials/M_Basic_Wall.uasset" 105
"../../../../../../Users/Tishka/Desktop/Folders/UE4Projects/GameJam/Content/StarterContent/Architecture/Wall_Door_400x400.uasset" 106
"../../../../../../Users/Tishka/Desktop/Folders/UE4Projects/GameJam/Content/StarterContent/Architecture/Wall_Window_400x400.uasset" 107
"../../../../../../Users/Tishka/Desktop/Folders/UE4Projects/GameJam/Content/StarterContent/Audio/Collapse01.uasset" 108
"../../../../../../Users/Tishka/Desktop/Folders/UE4Projects/GameJam/Content/StarterContent/Audio/Collapse02.uasset" 109
"../../../../../../Users/Tishka/Desktop/Folders/UE4Projects/GameJam/Content/StarterContent/Audio/Explosion01.uasset" 110
"../../../../../../Users/Tishka/Desktop/Folders/UE4Projects/GameJam/Content/StarterContent/Audio/Explosion02.uasset" 111
"../../../../../../Users/Tishka/Desktop/Folders/UE4Projects/GameJam/Content/StarterContent/Audio/Fire01.uasset" 112
"../../../../../../Users/Tishka/Desktop/Folders/UE4Projects/GameJam/Content/StarterContent/Audio/Fire_Sparks01.uasset" 113
"../../../../../../Users/Tishka/Desktop/Folders/UE4Projects/GameJam/Content/StarterContent/Audio/Light01.uasset" 114
"../../../../../../Users/Tishka/Desktop/Folders/UE4Projects/GameJam/Content/StarterContent/Audio/Light01_Cue.uasset" 115
"../../../../../../Users/Tishka/Desktop/Folders/UE4Projects/GameJam/Content/StarterContent/Audio/Light02.uasset" 116
"../../../../../../Users/Tishka/Desktop/Folders/UE4Projects/GameJam/Content/StarterContent/Audio/Light02_Cue.uasset" 117
"../../../../../../Users/Tishka/Desktop/Folders/UE4Projects/GameJam/Content/StarterContent/Audio/Smoke01.uasset" 118
"../../../../../../Users/Tishka/Desktop/Folders/UE4Projects/GameJam/Content/StarterContent/Audio/Starter_Birds01.uasset" 119
"../../../../../../Users/Tishka/Desktop/Folders/UE4Projects/GameJam/Content/StarterContent/Audio/Starter_Music01.uasset" 120
"../../../../../../Users/Tishka/Desktop/Folders/UE4Projects/GameJam/Content/StarterContent/Audio/Starter_Wind05.uasset" 121
"../../../../../../Users/Tishka/Desktop/Folders/UE4Projects/GameJam/Content/StarterContent/Audio/Starter_Wind06.uasset" 122
"../../../../../../Users/Tishka/Desktop/Folders/UE4Projects/GameJam/Content/StarterContent/Audio/Steam01.uasset" 123
"../../../../../../Users/Tishka/Desktop/Folders/UE4Projects/GameJam/Content/StarterContent/Textures/T_Smoke_Tiled_D.uasset" 124
"../../../../../../Users/Tishka/Desktop/Folders/UE4Projects/GameJam/Content/StarterContent/Textures/T_Smoke_SubUV.uasset" 125
"../../../../../../Users/Tishka/Desktop/Folders/UE4Projects/GameJam/Content/StarterContent/Particles/Materials/M_smoke_subUV.uasset" 126
"../../../Engine/Content/Functions/Engine_MaterialFunctions01/Gradient/RadialGradient.uasset" 127
"../../../../../../Users/Tishka/Desktop/Folders/UE4Projects/GameJam/Content/StarterContent/Particles/Materials/M_radial_ramp.uasset" 128
"../../../../../../Users/Tishka/Desktop/Folders/UE4Projects/GameJam/Content/StarterContent/Particles/Materials/m_flare_01.uasset" 129
"../../../../../../Users/Tishka/Desktop/Folders/UE4Projects/GameJam/Content/StarterContent/Textures/T_Explosion_SubUV.uasset" 130
"../../../../../../Users/Tishka/Desktop/Folders/UE4Projects/GameJam/Content/StarterContent/Particles/Materials/M_explosion_subUV.uasset" 131
"../../../../../../Users/Tishka/Desktop/Folders/UE4Projects/GameJam/Content/StarterContent/Textures/T_Burst_M.uasset" 132
"../../../../../../Users/Tishka/Desktop/Folders/UE4Projects/GameJam/Content/StarterContent/Particles/Materials/M_Burst.uasset" 133
"../../../../../../Users/Tishka/Desktop/Folders/UE4Projects/GameJam/Content/StarterContent/Particles/P_Explosion.uasset" 134
"../../../../../../Users/Tishka/Desktop/Folders/UE4Projects/GameJam/Content/StarterContent/Audio/Explosion_Cue.uasset" 135
"../../../../../../Users/Tishka/Desktop/Folders/UE4Projects/GameJam/Content/StarterContent/Blueprints/Blueprint_Effect_Explosion.uasset" 136
"../../../Engine/Content/EditorMeshes/ColorCalibrator/T_ColorGrid.uasset" 137
"../../../../../../Users/Tishka/Desktop/Folders/UE4Projects/GameJam/Content/StarterContent/Materials/M_ColorGrid_LowSpec.uasset" 138
"../../../../../../Users/Tishka/Desktop/Folders/UE4Projects/GameJam/Content/StarterContent/Props/Materials/M_MaterialSphere_Plain.uasset" 139
"../../../../../../Users/Tishka/Desktop/Folders/UE4Projects/GameJam/Content/StarterContent/Props/Materials/M_MaterialSphere.uasset" 140
"../../../../../../Users/Tishka/Desktop/Folders/UE4Projects/GameJam/Content/StarterContent/Props/SM_MatPreviewMesh_02.uasset" 141
"../../../../../../Users/Tishka/Desktop/Folders/UE4Projects/GameJam/Content/StarterContent/Materials/M_Basic_Floor.uasset" 142
"../../../../../../Users/Tishka/Desktop/Folders/UE4Projects/GameJam/Content/StarterContent/Props/SM_Stairs.uasset" 143
"../../../../../../Users/Tishka/Desktop/Folders/UE4Projects/GameJam/Content/StarterContent/Shapes/Shape_Cone.uasset" 144
"../../../../../../Users/Tishka/Desktop/Folders/UE4Projects/GameJam/Content/StarterContent/Shapes/Shape_Cylinder.uasset" 145
"../../../../../../Users/Tishka/Desktop/Folders/UE4Projects/GameJam/Content/StarterContent/Shapes/Shape_NarrowCapsule.uasset" 146
"../../../../../../Users/Tishka/Desktop/Folders/UE4Projects/GameJam/Content/StarterContent/Shapes/Shape_Pipe.uasset" 147
"../../../../../../Users/Tishka/Desktop/Folders/UE4Projects/GameJam/Content/StarterContent/Shapes/Shape_Pipe_180.uasset" 148
"../../../../../../Users/Tishka/Desktop/Folders/UE4Projects/GameJam/Content/StarterContent/Shapes/Shape_Pipe_90.uasset" 149
"../../../../../../Users/Tishka/Desktop/Folders/UE4Projects/GameJam/Content/StarterContent/Shapes/Shape_Plane.uasset" 150
"../../../../../../Users/Tishka/Desktop/Folders/UE4Projects/GameJam/Content/StarterContent/Shapes/Shape_Torus.uasset" 151
"../../../../../../Users/Tishka/Desktop/Folders/UE4Projects/GameJam/Content/StarterContent/Shapes/Shape_Trim.uasset" 152
"../../../../../../Users/Tishka/Desktop/Folders/UE4Projects/GameJam/Content/StarterContent/Shapes/Shape_Trim_90_In.uasset" 153
"../../../../../../Users/Tishka/Desktop/Folders/UE4Projects/GameJam/Content/StarterContent/Shapes/Shape_Trim_90_Out.uasset" 154
"../../../../../../Users/Tishka/Desktop/Folders/UE4Projects/GameJam/Content/StarterContent/Shapes/Shape_TriPyramid.uasset" 155
"../../../../../../Users/Tishka/Desktop/Folders/UE4Projects/GameJam/Content/StarterContent/Shapes/Shape_Tube.uasset" 156
"../../../../../../Users/Tishka/Desktop/Folders/UE4Projects/GameJam/Content/StarterContent/Shapes/Shape_Wedge_A.uasset" 157
"../../../../../../Users/Tishka/Desktop/Folders/UE4Projects/GameJam/Content/StarterContent/Shapes/Shape_Wedge_B.uasset" 158
"../../../../../../Users/Tishka/Desktop/Folders/UE4Projects/GameJam/Content/StarterContent/Shapes/Shape_WideCapsule.uasset" 159
"../../../../../../Users/Tishka/Desktop/Folders/UE4Projects/GameJam/Content/ThirdPerson/Meshes/RampMaterial.uasset" 160
"../../../../../../Users/Tishka/Desktop/Folders/UE4Projects/GameJam/Content/ThirdPerson/Meshes/Bump_StaticMesh.uasset" 161
"../../../../../../Users/Tishka/Desktop/Folders/UE4Projects/GameJam/Content/ThirdPerson/Meshes/LeftArm_StaticMesh.uasset" 162
"../../../../../../Users/Tishka/Desktop/Folders/UE4Projects/GameJam/Content/ThirdPerson/Meshes/Ramp_StaticMesh.uasset" 163
"../../../../../../Users/Tishka/Desktop/Folders/UE4Projects/GameJam/Content/ThirdPerson/Meshes/RightArm_StaticMesh.uasset" 164
"../../../../../../Users/Tishka/Desktop/Folders/UE4Projects/GameJam/Content/ThirdPersonBP(LevelDesignAssets)/ThirdPersonOverview.uasset" 165
"../../../../../../Users/Tishka/Desktop/Folders/UE4Projects/GameJam/Content/ThirdPersonBP/ThirdPersonOverview.uasset" 166
"../../../../../../Users/Tishka/Desktop/Folders/UE4Projects/GameJam/Content/ThirdPersonBP/Blueprints/bp_key.uasset" 167
"../../../../../../Users/Tishka/Desktop/Folders/UE4Projects/GameJam/Content/StarterContent/Textures/T_Metal_Gold_D.uasset" 168
"../../../../../../Users/Tishka/Desktop/Folders/UE4Projects/GameJam/Content/DefaultMaterials/M_Metal_Gold.uasset" 169
"../../../../../../Users/Tishka/Desktop/Folders/UE4Projects/GameJam/Content/ThirdPersonBP(LevelDesignAssets)/Blueprints/Level1_Objects/enemy.uasset" 170
"../../../../../../Users/Tishka/Desktop/Folders/UE4Projects/GameJam/Content/ThirdPersonBP(LevelDesignAssets)/Blueprints/enemy_C.uasset" 171
"../../../../../../Users/Tishka/Desktop/Folders/UE4Projects/GameJam/Content/ThirdPersonBP(LevelDesignAssets)/Blueprints/enemy.uasset" 172
"../../../../../../Users/Tishka/Desktop/Folders/UE4Projects/GameJam/Content/ThirdPersonBP(LevelDesignAssets)/Blueprints/Default__enemy_C.uasset" 173
"../../../../../../Users/Tishka/Desktop/Folders/UE4Projects/GameJam/Content/ThirdPersonBP/Blueprints/enemy.uasset" 174
"../../../../../../Users/Tishka/Desktop/Folders/UE4Projects/GameJam/Content/ThirdPersonBP/Blueprints/items_list.uasset" 175
"../../../../../../Users/Tishka/Desktop/Folders/UE4Projects/GameJam/Content/ThirdPersonBP(LevelDesignAssets)/Blueprints/ThirdPersonCharacter_C.uasset" 176
"../../../../../../Users/Tishka/Desktop/Folders/UE4Projects/GameJam/Content/ThirdPersonBP(LevelDesignAssets)/Blueprints/ThirdPersonCharacter.uasset" 177
"../../../../../../Users/Tishka/Desktop/Folders/UE4Projects/GameJam/Content/ThirdPersonBP(LevelDesignAssets)/Blueprints/Default__ThirdPersonCharacter_C.uasset" 178
"../../../../../../Users/Tishka/Desktop/Folders/UE4Projects/GameJam/Content/ThirdPersonBP/Blueprints/ThirdPersonCharacter.uasset" 179
"../../../../../../Users/Tishka/Desktop/Folders/UE4Projects/GameJam/Content/StarterContent/Textures/T_Door_N.uasset" 180
"../../../../../../Users/Tishka/Desktop/Folders/UE4Projects/GameJam/Content/StarterContent/Textures/T_Door_M.uasset" 181
"../../../../../../Users/Tishka/Desktop/Folders/UE4Projects/GameJam/Content/StarterContent/Props/Materials/M_Door.uasset" 182
"../../../../../../Users/Tishka/Desktop/Folders/UE4Projects/GameJam/Content/StarterContent/Materials/M_Glass.uasset" 183
"../../../../../../Users/Tishka/Desktop/Folders/UE4Projects/GameJam/Content/StarterContent/Props/SM_Door.uasset" 184
"../../../Engine/Content/BasicShapes/Plane.uasset" 185
"../../../../../../Users/Tishka/Desktop/Folders/UE4Projects/GameJam/Content/ThirdPersonBP(LevelDesignAssets)/Blueprints/Level1_Objects/bp_door.uasset" 186
"../../../../../../Users/Tishka/Desktop/Folders/UE4Projects/GameJam/Content/ThirdPersonBP/Blueprints/Level1_Objects/bp_door.uasset" 187
"../../../../../../Users/Tishka/Desktop/Folders/UE4Projects/GameJam/Content/ThirdPersonBP(LevelDesignAssets)/Blueprints/system/bp_item.uasset" 188
"../../../../../../Users/Tishka/Desktop/Folders/UE4Projects/GameJam/Content/Models/keyp.uasset" 189
"../../../../../../Users/Tishka/Desktop/Folders/UE4Projects/GameJam/Content/Models/flask_mat.uasset" 190
"../../../../../../Users/Tishka/Desktop/Folders/UE4Projects/GameJam/Content/Models/flask1.uasset" 191
"../../../../../../Users/Tishka/Desktop/Folders/UE4Projects/GameJam/Content/ThirdPersonBP(LevelDesignAssets)/Blueprints/Level1_Objects/bp_item_invis_potion.uasset" 192
"../../../../../../Users/Tishka/Desktop/Folders/UE4Projects/GameJam/Content/ThirdPersonBP/Blueprints/Level1_Objects/bp_item_invis_potion.uasset" 193
"../../../../../../Users/Tishka/Desktop/Folders/UE4Projects/GameJam/Content/Models/palette.uasset" 194
"../../../../../../Users/Tishka/Desktop/Folders/UE4Projects/GameJam/Content/Models/key.uasset" 195
"../../../../../../Users/Tishka/Desktop/Folders/UE4Projects/GameJam/Content/ThirdPersonBP(LevelDesignAssets)/Blueprints/Level1_Objects/bp_item_key.uasset" 196
"../../../../../../Users/Tishka/Desktop/Folders/UE4Projects/GameJam/Content/ThirdPersonBP/Blueprints/Level1_Objects/bp_item_key.uasset" 197
"../../../../../../Users/Tishka/Desktop/Folders/UE4Projects/GameJam/Content/ThirdPersonBP(LevelDesignAssets)/Blueprints/Level1_Objects/endgame_trigger.uasset" 198
"../../../../../../Users/Tishka/Desktop/Folders/UE4Projects/GameJam/Content/ThirdPersonBP/Blueprints/Level1_Objects/endgame_trigger.uasset" 199
"../../../../../../Users/Tishka/Desktop/Folders/UE4Projects/GameJam/Content/ThirdPersonBP/Blueprints/Level1_Objects/enemy.uasset" 200
"../../../../../../Users/Tishka/Desktop/Folders/UE4Projects/GameJam/Content/ThirdPersonBP/Blueprints/Level1_Objects/respawn_point.uasset" 201
"../../../../../../Users/Tishka/Desktop/Folders/UE4Projects/GameJam/Content/StarterContent/Particles/Materials/M_Radial_Gradient.uasset" 202
"../../../../../../Users/Tishka/Desktop/Folders/UE4Projects/GameJam/Content/StarterContent/Textures/T_Water_N.uasset" 203
"../../../../../../Users/Tishka/Desktop/Folders/UE4Projects/GameJam/Content/StarterContent/Particles/Materials/M_Heat_Distortion.uasset" 204
"../../../../../../Users/Tishka/Desktop/Folders/UE4Projects/GameJam/Content/StarterContent/Textures/T_Fire_Tiled_D.uasset" 205
"../../../../../../Users/Tishka/Desktop/Folders/UE4Projects/GameJam/Content/StarterContent/Textures/T_Fire_SubUV.uasset" 206
"../../../../../../Users/Tishka/Desktop/Folders/UE4Projects/GameJam/Content/StarterContent/Particles/Materials/M_Fire_SubUV.uasset" 207
"../../../../../../Users/Tishka/Desktop/Folders/UE4Projects/GameJam/Content/StarterContent/Particles/P_Fire.uasset" 208
"../../../../../../Users/Tishka/Desktop/Folders/UE4Projects/GameJam/Content/ThirdPersonBP(LevelDesignAssets)/Blueprints/Level2_Objects/lava.uasset" 209
"../../../../../../Users/Tishka/Desktop/Folders/UE4Projects/GameJam/Content/ThirdPersonBP/Blueprints/Level2_Objects/lava.uasset" 210
"../../../Engine/Content/BasicShapes/Sphere.uasset" 211
"../../../../../../Users/Tishka/Desktop/Folders/UE4Projects/GameJam/Content/ThirdPersonBP(LevelDesignAssets)/Blueprints/system/turret_projectile.uasset" 212
"../../../../../../Users/Tishka/Desktop/Folders/UE4Projects/GameJam/Content/StarterContent/Shapes/Shape_Cube.uasset" 213
"../../../../../../Users/Tishka/Desktop/Folders/UE4Projects/GameJam/Content/DefaultMaterials/M_Basic_Floor.uasset" 214
"../../../../../../Users/Tishka/Desktop/Folders/UE4Projects/GameJam/Content/ThirdPersonBP(LevelDesignAssets)/Blueprints/Level2_Objects/Turret.uasset" 215
"../../../../../../Users/Tishka/Desktop/Folders/UE4Projects/GameJam/Content/ThirdPersonBP/Blueprints/Level2_Objects/Turret.uasset" 216
"../../../../../../Users/Tishka/Desktop/Folders/UE4Projects/GameJam/Content/ThirdPersonBP(LevelDesignAssets)/Blueprints/system/Default__bp_door_C.uasset" 217
"../../../../../../Users/Tishka/Desktop/Folders/UE4Projects/GameJam/Content/ThirdPersonBP(LevelDesignAssets)/Blueprints/system/bp_door_C.uasset" 218
"../../../../../../Users/Tishka/Desktop/Folders/UE4Projects/GameJam/Content/ThirdPersonBP(LevelDesignAssets)/Blueprints/system/bp_door.uasset" 219
"../../../../../../Users/Tishka/Desktop/Folders/UE4Projects/GameJam/Content/ThirdPersonBP/Blueprints/system/bp_door.uasset" 220
"../../../../../../Users/Tishka/Desktop/Folders/UE4Projects/GameJam/Content/ThirdPersonBP/Blueprints/system/bp_item.uasset" 221
"../../../../../../Users/Tishka/Desktop/Folders/UE4Projects/GameJam/Content/ThirdPersonBP(LevelDesignAssets)/Blueprints/system/endgame_trigger_C.uasset" 222
"../../../../../../Users/Tishka/Desktop/Folders/UE4Projects/GameJam/Content/ThirdPersonBP(LevelDesignAssets)/Blueprints/system/endgame_trigger.uasset" 223
"../../../../../../Users/Tishka/Desktop/Folders/UE4Projects/GameJam/Content/ThirdPersonBP(LevelDesignAssets)/Blueprints/system/Default__endgame_trigger_C.uasset" 224
"../../../../../../Users/Tishka/Desktop/Folders/UE4Projects/GameJam/Content/ThirdPersonBP/Blueprints/system/endgame_trigger.uasset" 225
"../../../../../../Users/Tishka/Desktop/Folders/UE4Projects/GameJam/Content/ThirdPersonBP(LevelDesignAssets)/Blueprints/system/lava_C.uasset" 226
"../../../../../../Users/Tishka/Desktop/Folders/UE4Projects/GameJam/Content/ThirdPersonBP(LevelDesignAssets)/Blueprints/system/lava.uasset" 227
"../../../../../../Users/Tishka/Desktop/Folders/UE4Projects/GameJam/Content/ThirdPersonBP(LevelDesignAssets)/Blueprints/system/Default__lava_C.uasset" 228
"../../../../../../Users/Tishka/Desktop/Folders/UE4Projects/GameJam/Content/ThirdPersonBP/Blueprints/system/lava.uasset" 229
"../../../../../../Users/Tishka/Desktop/Folders/UE4Projects/GameJam/Content/ThirdPersonBP(LevelDesignAssets)/Blueprints/system/respawn_point_C.uasset" 230
"../../../../../../Users/Tishka/Desktop/Folders/UE4Projects/GameJam/Content/ThirdPersonBP(LevelDesignAssets)/Blueprints/system/respawn_point.uasset" 231
"../../../../../../Users/Tishka/Desktop/Folders/UE4Projects/GameJam/Content/ThirdPersonBP(LevelDesignAssets)/Blueprints/system/Default__respawn_point_C.uasset" 232
"../../../../../../Users/Tishka/Desktop/Folders/UE4Projects/GameJam/Content/ThirdPersonBP/Blueprints/system/respawn_point.uasset" 233
"../../../../../../Users/Tishka/Desktop/Folders/UE4Projects/GameJam/Content/ThirdPersonBP(LevelDesignAssets)/Blueprints/system/sound_object.uasset" 234
"../../../../../../Users/Tishka/Desktop/Folders/UE4Projects/GameJam/Content/ThirdPersonBP/Blueprints/system/sound_object.uasset" 235
"../../../../../../Users/Tishka/Desktop/Folders/UE4Projects/GameJam/Content/ThirdPersonBP/Blueprints/system/ThirdPersonCharacter.uasset" 236
"../../../../../../Users/Tishka/Desktop/Folders/UE4Projects/GameJam/Content/ThirdPersonBP(LevelDesignAssets)/Blueprints/system/ThirdPersonGameMode.uasset" 237
"../../../../../../Users/Tishka/Desktop/Folders/UE4Projects/GameJam/Content/ThirdPersonBP/Blueprints/system/ThirdPersonGameMode.uasset" 238
"../../../../../../Users/Tishka/Desktop/Folders/UE4Projects/GameJam/Content/ThirdPersonBP(LevelDesignAssets)/Blueprints/system/Turret_C.uasset" 239
"../../../../../../Users/Tishka/Desktop/Folders/UE4Projects/GameJam/Content/ThirdPersonBP(LevelDesignAssets)/Blueprints/system/Turret.uasset" 240
"../../../../../../Users/Tishka/Desktop/Folders/UE4Projects/GameJam/Content/ThirdPersonBP(LevelDesignAssets)/Blueprints/system/Default__Turret_C.uasset" 241
"../../../../../../Users/Tishka/Desktop/Folders/UE4Projects/GameJam/Content/ThirdPersonBP/Blueprints/system/Turret.uasset" 242
"../../../../../../Users/Tishka/Desktop/Folders/UE4Projects/GameJam/Content/ThirdPersonBP/Blueprints/system/turret_projectile.uasset" 243
"../../../../../../Users/Tishka/Desktop/Folders/UE4Projects/GameJam/Content/ThirdPersonBP/Blueprints/system/wd_item.uasset" 244
"../../../../../../Users/Tishka/Desktop/Folders/UE4Projects/GameJam/Content/ThirdPersonBP/Blueprints/system/wg_main.uasset" 245
"../../../../../../Users/Tishka/Desktop/Folders/UE4Projects/GameJam/Content/ThirdPersonBP(LevelDesignAssets)/Blueprints/system/MainController.uasset" 246
"../../../../../../Users/Tishka/Desktop/Folders/UE4Projects/GameJam/Content/ThirdPersonBP(LevelDesignAssets)/Blueprints/system/MainGameMode.uasset" 247
"../../../Engine/Content/Animation/DefaultAnimBoneCompressionSettings.uasset" 248
"../../../Engine/Content/Animation/DefaultAnimCurveCompressionSettings.uasset" 249
"../../../Engine/Content/ArtTools/RenderToTexture/Meshes/S_1_Unit_Plane.uasset" 250
"../../../Engine/Content/BasicShapes/Cone.uasset" 251
"../../../Engine/Content/EditorLandscapeResources/DataLayer.uasset" 252
"../../../Engine/Content/EditorLandscapeResources/DefaultAlphaTexture.uasset" 253
"../../../Engine/Content/EditorMaterials/MAT_Groups_Toggle.uasset" 254
"../../../Engine/Content/EditorMaterials/MAT_Groups_Visibility.uasset" 255
"../../../Engine/Content/EditorMaterials/PreviewShadowIndicator.uasset" 256
"../../../Engine/Content/EditorMaterials/PreviewShadowIndicatorMaterial.uasset" 257
"../../../Engine/Content/EditorMaterials/MatineeGroups/MAT_ColorTrack.uasset" 258
"../../../Engine/Content/EditorMaterials/MatineeGroups/MAT_Groups_Anim.uasset" 259
"../../../Engine/Content/EditorMaterials/MatineeGroups/MAT_Groups_AudioMaster.uasset" 260
"../../../Engine/Content/EditorMaterials/MatineeGroups/MAT_Groups_Director.uasset" 261
"../../../Engine/Content/EditorMaterials/MatineeGroups/MAT_Groups_Event.uasset" 262
"../../../Engine/Content/EditorMaterials/MatineeGroups/MAT_Groups_Fade.uasset" 263
"../../../Engine/Content/EditorMaterials/MatineeGroups/MAT_Groups_Float.uasset" 264
"../../../Engine/Content/EditorMaterials/MatineeGroups/MAT_Groups_Move.uasset" 265
"../../../Engine/Content/EditorMaterials/MatineeGroups/MAT_Groups_Slomo.uasset" 266
"../../../Engine/Content/EditorMaterials/MatineeGroups/MAT_Groups_Sound.uasset" 267
"../../../Engine/Content/EditorMaterials/MatineeGroups/MAT_Groups_Vector.uasset" 268
"../../../Engine/Content/EditorMaterials/ParticleSystems/PSysThumbnail_NoImage.uasset" 269
"../../../Engine/Content/EditorMaterials/ParticleSystems/PSysThumbnail_OOD.uasset" 270
"../../../Engine/Content/EditorMaterials/Camera/CineMat.uasset" 271
"../../../Engine/Content/EditorMaterials/Camera/MI_CineMat_Rig.uasset" 272
"../../../Engine/Content/EditorMeshes/Camera/SM_CraneRig_Arm.uasset" 273
"../../../Engine/Content/EditorMeshes/Camera/SM_CraneRig_Base.uasset" 274
"../../../Engine/Content/EditorMeshes/Camera/SM_CraneRig_Body.uasset" 275
"../../../Engine/Content/EditorMeshes/Camera/SM_CraneRig_Mount.uasset" 276
"../../../Engine/Content/EditorMeshes/Camera/SM_RailRig_Mount.uasset" 277
"../../../Engine/Content/EditorMeshes/Camera/SM_RailRig_Track.uasset" 278
"../../../Engine/Content/EditorResources/BSPVertex.uasset" 279
"../../../Engine/Content/EditorResources/EmptyActor.uasset" 280
"../../../Engine/Content/EditorResources/S_Actor.uasset" 281
"../../../Engine/Content/EditorResources/S_Note.uasset" 282
"../../../Engine/Content/EditorResources/S_Solver.uasset" 283
"../../../Engine/Content/EditorResources/S_Terrain.uasset" 284
"../../../Engine/Content/EditorResources/S_Trigger.uasset" 285
"../../../Engine/Content/EditorResources/AudioIcons/S_AudioComponent.uasset" 286
"../../../Engine/Content/EditorResources/AudioIcons/S_AudioComponent_AutoActivate.uasset" 287
"../../../Engine/Content/EditorResources/LightIcons/S_LightError.uasset" 288
"../../../Engine/Content/EditorResources/SequenceRecorder/Countdown.uasset" 289
"../../../Engine/Content/EditorResources/SequenceRecorder/RecordingIndicator.uasset" 290
"../../../Engine/Content/EngineDamageTypes/DmgTypeBP_Environmental.uasset" 291
"../../../Engine/Content/EngineDebugMaterials/DebugEditorMaterial.uasset" 292
"../../../Engine/Content/EngineDebugMaterials/DebugMeshMaterial.uasset" 293
"../../../Engine/Content/EngineDebugMaterials/M_SimpleUnlitTranslucent.uasset" 294
"../../../Engine/Content/EngineDebugMaterials/VolumeToRender.uasset" 295
"../../../Engine/Content/Functions/Engine_MaterialFunctions02/Utility/CameraDirectionVector.uasset" 296
"../../../Engine/Content/EngineDebugMaterials/M_VolumeRenderSphereTracePP.uasset" 297
"../../../Engine/Content/Functions/Engine_MaterialFunctions01/Shading/ConvertFromDiffSpec.uasset" 298
"../../../Engine/Content/EngineDebugMaterials/VertexColorMaterial.uasset" 299
"../../../Engine/Content/EngineDebugMaterials/WireframeMaterial.uasset" 300
"../../../Engine/Content/EngineFonts/Faces/RobotoRegular.uasset" 301
"../../../Engine/Content/EngineFonts/Faces/RobotoLight.uasset" 302
"../../../Engine/Content/EngineFonts/Faces/RobotoItalic.uasset" 303
"../../../Engine/Content/EngineFonts/Faces/RobotoBoldItalic.uasset" 304
"../../../Engine/Content/EngineFonts/Faces/RobotoBold.uasset" 305
"../../../Engine/Content/EngineFonts/Faces/DroidSansFallback.uasset" 306
"../../../Engine/Content/EngineFonts/Roboto.uasset" 307
"../../../Engine/Content/EngineMaterials/BlueNoise.uasset" 308
"../../../Engine/Content/EngineMaterials/DefaultBloomKernel.uasset" 309
"../../../Engine/Content/EngineMaterials/DefaultBokeh.uasset" 310
"../../../Engine/Content/EngineMaterials/DefaultDiffuse.uasset" 311
"../../../Engine/Content/EngineMaterials/DefaultDeferredDecalMaterial.uasset" 312
"../../../Engine/Content/EngineMaterials/DefaultLightFunctionMaterial.uasset" 313
"../../../Engine/Content/EngineMaterials/DefaultPhysicalMaterial.uasset" 314
"../../../Engine/Content/Functions/Engine_MaterialFunctions02/Utility/BreakOutFloat2Components.uasset" 315
"../../../Engine/Content/EngineMaterials/DefaultPostProcessMaterial.uasset" 316
"../../../Engine/Content/EngineFonts/RobotoDistanceField.uasset" 317
"../../../Engine/Content/EngineMaterials/DefaultTextMaterialOpaque.uasset" 318
"../../../Engine/Content/EngineMaterials/DefaultWhiteGrid.uasset" 319
"../../../Engine/Content/EngineMaterials/DefaultWhiteGrid_Low.uasset" 320
"../../../Engine/Content/EngineMaterials/EmissiveMeshMaterial.uasset" 321
"../../../Engine/Content/EngineMaterials/GizmoMaterial.uasset" 322
"../../../Engine/Content/EngineMaterials/Good64x64TilingNoiseHighFreq.uasset" 323
"../../../Engine/Content/EngineMaterials/MiniFont.uasset" 324
"../../../Engine/Content/EngineMaterials/InvalidLightmapSettings.uasset" 325
"../../../Engine/Content/EngineMaterials/M_InvalidLightmapSettings.uasset" 326
"../../../Engine/Content/Functions/Engine_MaterialFunctions02/WorldPositionOffset/CameraOffset.uasset" 327
"../../../Engine/Content/EngineMaterials/PhAT_JointLimitMaterial.uasset" 328
"../../../Engine/Content/EngineMaterials/PreintegratedSkinBRDF.uasset" 329
"../../../Engine/Content/EngineMaterials/RemoveSurfaceMaterial.uasset" 330
"../../../Engine/Content/EngineMaterials/WeightMapPlaceholderTexture.uasset" 331
"../../../Engine/Content/EngineResources/WhiteSquareTexture.uasset" 332
"../../../Engine/Content/EngineMaterials/Widget3DPassThrough.uasset" 333
"../../../Engine/Content/EngineMaterials/Widget3DPassThrough_Masked.uasset" 334
"../../../Engine/Content/EngineMaterials/Widget3DPassThrough_Opaque.uasset" 335
"../../../Engine/Content/EngineMaterials/Widget3DPassThrough_Masked_OneSided.uasset" 336
"../../../Engine/Content/EngineMaterials/Widget3DPassThrough_Opaque_OneSided.uasset" 337
"../../../Engine/Content/EngineMaterials/Widget3DPassThrough_Translucent.uasset" 338
"../../../Engine/Content/EngineMaterials/Widget3DPassThrough_Translucent_OneSided.uasset" 339
"../../../Engine/Content/EngineMeshes/Cylinder.uasset" 340
"../../../Engine/Content/EngineMeshes/Sphere.uasset" 341
"../../../Engine/Content/EngineResources/Black.uasset" 342
"../../../Engine/Content/EngineResources/DefaultTextureCube.uasset" 343
"../../../Engine/Content/EngineResources/DefaultVolumeTexture2D.uasset" 344
"../../../Engine/Content/EngineResources/DefaultVolumeTexture.uasset" 345
"../../../Engine/Content/EngineResources/GradientTexture0.uasset" 346
"../../../Engine/Content/EngineSky/VolumetricClouds/T_NoiseShape64.uasset" 347
"../../../Engine/Content/EngineSky/VolumetricClouds/T_VolumeNoiseShape64.uasset" 348
"../../../Engine/Content/EngineSky/VolumetricClouds/T_NoiseErosion.uasset" 349
"../../../Engine/Content/EngineSky/VolumetricClouds/T_VolumeNoiseErosion32.uasset" 350
"../../../Engine/Content/EngineSky/VolumetricClouds/CloudWeatherTexture.uasset" 351
"../../../Engine/Content/EngineSky/VolumetricClouds/CloudGradientTexture.uasset" 352
"../../../Engine/Content/EngineSky/VolumetricClouds/m_SimpleVolumetricCloud.uasset" 353
"../../../Engine/Content/EngineSky/VolumetricClouds/m_SimpleVolumetricCloud_Inst.uasset" 354
"../../../Engine/Content/EngineSounds/Master.uasset" 355
"../../../Engine/Content/Functions/Engine_MaterialFunctions01/Shading/PowerToRoughness.uasset" 356
"../../../Engine/Content/Maps/Templates/Thumbnails/Default.uasset" 357
"../../../Engine/Content/Maps/Templates/Thumbnails/TimeOfDay.uasset" 358
"../../../Engine/Content/Maps/Templates/Thumbnails/VR-Basic.uasset" 359
"../../../Engine/Content/MobileResources/T_MobileControls_texture.uasset" 360
"../../../Engine/Content/MobileResources/T_MobileMenu2.uasset" 361
"../../../Engine/Content/MobileResources/HUD/AnalogHat.uasset" 362
"../../../Engine/Content/MobileResources/HUD/VirtualJoystick_Thumb.uasset" 363
"../../../Engine/Content/MobileResources/HUD/VirtualJoystick_Background.uasset" 364
"../../../Engine/Content/MobileResources/HUD/DefaultVirtualJoysticks.uasset" 365
"../../../Engine/Content/MobileResources/HUD/LeftVirtualJoystickOnly.uasset" 366
"../../../Engine/Content/MobileResources/HUD/MobileHUDButton1_off.uasset" 367
"../../../Engine/Content/MobileResources/HUD/MobileHUDButton1_on.uasset" 368
"../../../Engine/Content/MobileResources/HUD/MobileHUDButton2_off.uasset" 369
"../../../Engine/Content/MobileResources/HUD/MobileHUDButton2_on.uasset" 370
"../../../Engine/Content/MobileResources/HUD/MobileHUDButton3.uasset" 371
"../../../Engine/Content/MobileResources/HUD/MobileHUDButtonFire.uasset" 372
"../../../Engine/Content/MobileResources/HUD/MobileHUDDirectionPad.uasset" 373
"../../../Engine/Content/MobileResources/HUD/MobileHUDDirectionPad2.uasset" 374
"../../../Engine/Content/MobileResources/HUD/MobileHUDDirectionPad3.uasset" 375
"../../../Engine/Content/MobileResources/HUD/MobileHUDDirectionStick.uasset" 376
"../../../Engine/Content/MobileResources/HUD/T_Castle_ThumbstickInner.uasset" 377
"../../../Engine/Content/MobileResources/HUD/T_Castle_ThumbstickOutter.uasset" 378
"../../../Engine/Content/Tutorial/ContentIntroCurve.uasset" 379
"../../../Engine/Content/Tutorial/Basics/LevelEditorAttract.uasset" 380
"../../../Engine/Content/Tutorial/Basics/TutorialAssets/icon_tab_Levels_40x.uasset" 381
"../../../Engine/Content/Tutorial/Basics/LevelEditorOverview.uasset" 382
"../../../Engine/Content/VREditor/Sounds/UI/Click_on_Button.uasset" 383
"../../../Engine/Content/VREditor/TransformGizmo/TranslucentTransformGizmoMaterial.uasset" 384
"../../../Engine/Content/VREditor/LaserPointer/VR_LaserPower_01.uasset" 385
"../../../Engine/Content/VREditor/TransformGizmo/TransformGizmoMaterial.uasset" 386
"../../../Engine/Content/VREditor/TransformGizmo/BoundingBoxCorner.uasset" 387
"../../../Engine/Content/VREditor/TransformGizmo/BoundingBoxEdge.uasset" 388
"../../../Engine/Content/VREditor/TransformGizmo/PlaneTranslationHandle.uasset" 389
"../../../Engine/Content/VREditor/TransformGizmo/Xray.uasset" 390
"../../../Engine/Content/VREditor/TransformGizmo/Main.uasset" 391
"../../../Engine/Content/VREditor/TransformGizmo/SM_Sequencer_Key.uasset" 392
"../../../Engine/Content/VREditor/TransformGizmo/SM_Sequencer_Node.uasset" 393
"../../Plugins/2D/Paper2D/Content/PlaceholderTextures/DummySpriteTexture.uasset" 394
"../../Plugins/2D/Paper2D/Content/DummySprite.uasset" 395
"../../Plugins/2D/Paper2D/Content/DefaultPaperTerrainMaterial.uasset" 396
"../../Plugins/2D/Paper2D/Content/DefaultSpriteMaterial.uasset" 397
"../../Plugins/2D/Paper2D/Content/MaskedUnlitSpriteMaterial.uasset" 398
"../../Plugins/2D/Paper2D/Content/OpaqueUnlitSpriteMaterial.uasset" 399
"../../../Engine/Content/Functions/Engine_MaterialFunctions02/ObjectLocalBounds.uasset" 400
"../../../Engine/Content/Functions/Engine_MaterialFunctions02/Utility/BreakOutFloat3Components.uasset" 401
"../../Plugins/Editor/SpeedTreeImporter/Content/SpeedTree9/UnpackInteger3.uasset" 402
"../../Plugins/Editor/SpeedTreeImporter/Content/SpeedTree9/UnpackDirection.uasset" 403
"../../Plugins/Editor/SpeedTreeImporter/Content/SpeedTree9/game_wind_noise.uasset" 404
"../../../Engine/Content/Functions/Engine_MaterialFunctions02/SafeNormalize.uasset" 405
"../../Plugins/Editor/SpeedTreeImporter/Content/SpeedTree9/SpeedTreeWindMotion.uasset" 406
"../../Plugins/Editor/SpeedTreeImporter/Content/SpeedTree9/SpeedTreeBranchMotion.uasset" 407
"../../../Engine/Content/Functions/Engine_MaterialFunctions02/UVs/BoundingBoxBased_0-1_UVW.uasset" 408
"../../Plugins/Editor/SpeedTreeImporter/Content/SpeedTree9/SpeedTreeWind.uasset" 409
"../../Plugins/Editor/SpeedTreeImporter/Content/SpeedTree9/SpeedTreeBillboard.uasset" 410
"../../../Engine/Content/EngineResources/DefaultTexture.uasset" 411
"../../Plugins/Editor/SpeedTreeImporter/Content/SpeedTree9/SpeedTreeBillboardMaster.uasset" 412
"../../Plugins/Editor/SpeedTreeImporter/Content/SpeedTree9/SpeedTreeCameraFacing.uasset" 413
"../../Plugins/Editor/SpeedTreeImporter/Content/SpeedTree9/SpeedTreeMaster.uasset" 414
"../../../Engine/Content/ArtTools/RenderToTexture/Materials/Debug/M_Emissive_Color.uasset" 415
"../../Plugins/Lumin/MagicLeapPassableWorld/Content/MagicLeapARPinInfoActor.uasset" 416
"../../../Engine/Content/Functions/Engine_MaterialFunctions02/Utility/BreakOutFloat4Components.uasset" 417
"../../Plugins/Runtime/Oculus/OculusVR/Content/Materials/OculusMR_ChromaKey.uasset" 418
"../../Plugins/Runtime/Oculus/OculusVR/Content/Materials/OculusMR_OpaqueColoredMaterial.uasset" 419
"../../Plugins/Runtime/Oculus/OculusVR/Content/Materials/PokeAHoleMaterial.uasset" 420
"../../../Engine/Content/MapTemplates/SM_Template_Map_Floor.uasset" 421
"../../../../../../Users/Tishka/Desktop/Folders/UE4Projects/GameJam/Content/StarterContent/Textures/T_Wood_Floor_Walnut_N.uasset" 422
"../../../../../../Users/Tishka/Desktop/Folders/UE4Projects/GameJam/Content/StarterContent/Textures/T_Wood_Floor_Walnut_M.uasset" 423
"../../../../../../Users/Tishka/Desktop/Folders/UE4Projects/GameJam/Content/StarterContent/Textures/T_Wood_Floor_Walnut_D.uasset" 424
"../../../../../../Users/Tishka/Desktop/Folders/UE4Projects/GameJam/Content/StarterContent/Textures/T_Perlin_Noise_M.uasset" 425
"../../../../../../Users/Tishka/Desktop/Folders/UE4Projects/GameJam/Content/StarterContent/Materials/M_Wood_Floor_Walnut_Polished.uasset" 426
"../../../Engine/Content/EditorMeshes/ColorCalibrator/M_GreyBall.uasset" 427
"../../../../../../Users/Tishka/Desktop/Folders/UE4Projects/GameJam/Content/Maps/Level_0_DontTouch_BuiltData.uasset" 428
"../../../../../../Users/Tishka/Desktop/Folders/UE4Projects/GameJam/Content/Sounds/242721__sergeeo__burning-air.uasset" 429
"../../../Engine/Content/EngineMaterials/BaseFlattenNormalMap.uasset" 430
"../../../Engine/Content/EngineMaterials/BaseFlattenGrayscaleMap.uasset" 431
"../../../Engine/Content/EngineMaterials/BaseFlattenEmissiveMap.uasset" 432
"../../../Engine/Content/EngineMaterials/BaseFlattenDiffuseMap.uasset" 433
"../../../Engine/Content/EngineMaterials/BaseFlattenMaterial.uasset" 434
"../../../../../../Users/Tishka/Desktop/Folders/UE4Projects/GameJam/Content/Actors/ShadowZone.uasset" 435
"../../../../../../Users/Tishka/Desktop/Folders/UE4Projects/GameJam/Content/Actors/NextLevel_0_1.uasset" 436
"../../Plugins/Developer/AnimationSharing/Content/AnimSharingRed.uasset" 437
"../../../../../../Users/Tishka/Desktop/Folders/UE4Projects/GameJam/Content/StarterContent/Textures/T_Ground_Grass_N.uasset" 438
"../../../../../../Users/Tishka/Desktop/Folders/UE4Projects/GameJam/Content/StarterContent/Textures/T_Ground_Grass_D.uasset" 439
"../../../../../../Users/Tishka/Desktop/Folders/UE4Projects/GameJam/Content/StarterContent/Materials/M_Ground_Grass.uasset" 440
"../../../../../../Users/Tishka/Desktop/Folders/UE4Projects/GameJam/Content/ThirdPersonBP(LevelDesignAssets)/Blueprints/system/MainEnemy.uasset" 441
"../../../../../../Users/Tishka/Desktop/Folders/UE4Projects/GameJam/Content/Actors/HealLight.uasset" 442
"../../../../../../Users/Tishka/Desktop/Folders/UE4Projects/GameJam/Content/Maps/Level_0_DontTouch.umap" 443
"../../../../../../Users/Tishka/Desktop/Folders/UE4Projects/GameJam/Content/StarterContent/Architecture/Wall_Door_400x300.uasset" 444
"../../../../../../Users/Tishka/Desktop/Folders/UE4Projects/GameJam/Content/StarterContent/Architecture/Wall_400x400.uasset" 445
"../../../../../../Users/Tishka/Desktop/Folders/UE4Projects/GameJam/Content/StarterContent/Architecture/Wall_400x300.uasset" 446
"../../../../../../Users/Tishka/Desktop/Folders/UE4Projects/GameJam/Content/StarterContent/Architecture/Wall_400x200.uasset" 447
"../../../../../../Users/Tishka/Desktop/Folders/UE4Projects/GameJam/Content/StarterContent/Architecture/Pillar_50x500.uasset" 448
"../../../Engine/Content/Functions/Engine_MaterialFunctions01/Texturing/TextureCropping.uasset" 449
"../../../Engine/Content/Functions/Engine_MaterialFunctions01/Texturing/ComputeMipLevel.uasset" 450
"../../../Engine/Content/Functions/Engine_MaterialFunctions02/ExampleContent/Textures/DebugNumberPeriod.uasset" 451
"../../../Engine/Content/Functions/Engine_MaterialFunctions02/ExampleContent/DebugNumberStrip.uasset" 452
"../../../Engine/Content/Functions/Engine_MaterialFunctions02/Utility/DebugScalarValues.uasset" 453
"../../../Engine/Content/Functions/Engine_MaterialFunctions02/Fresnel_Function.uasset" 454
"../../../Engine/Content/Functions/Engine_MaterialFunctions02/Utility/DebugFloat3Values.uasset" 455
"../../../Engine/Content/Functions/Engine_MaterialFunctions02/Math/RGBtoHSV.uasset" 456
"../../Plugins/Enterprise/DatasmithContent/Content/Materials/FBXImporter/VRED/Glass.uasset" 457
"../../../../../../Users/Tishka/Desktop/Folders/UE4Projects/GameJam/Content/Models/Flower_cylinder.uasset" 458
"../../../../../../Users/Tishka/Desktop/Folders/UE4Projects/GameJam/Content/Actors/PNG_Decals/91-914928_fire-exit-left-arrow-emergency-exit-hd-png.uasset" 459
"../../../../../../Users/Tishka/Desktop/Folders/UE4Projects/GameJam/Content/Actors/PNG_Decals/91-914928_fire-exit-left-arrow-emergency-exit-hd-png_Mat.uasset" 460
"../../../../../../Users/Tishka/Desktop/Folders/UE4Projects/GameJam/Content/Actors/PNG_Decals/26-266919_osha-biohazard-warning-sign-laboratory-signs-clipart.uasset" 461
"../../../../../../Users/Tishka/Desktop/Folders/UE4Projects/GameJam/Content/Actors/PNG_Decals/26-266919_osha-biohazard-warning-sign-laboratory-signs-clipart_Mat.uasset" 462
"../../../../../../Users/Tishka/Desktop/Folders/UE4Projects/GameJam/Content/Actors/PNG_Decals/124-1240375_scratch-mark-png-image-free-download-searchpng-transparent.uasset" 463
"../../../../../../Users/Tishka/Desktop/Folders/UE4Projects/GameJam/Content/Actors/PNG_Decals/124-1240375_scratch-mark-png-image-free-download-searchpng-transparent_Mat.uasset" 464
"../../../../../../Users/Tishka/Desktop/Folders/UE4Projects/GameJam/Content/StarterContent/Textures/T_Frame_N.uasset" 465
"../../../../../../Users/Tishka/Desktop/Folders/UE4Projects/GameJam/Content/StarterContent/Textures/T_Frame_M.uasset" 466
"../../../../../../Users/Tishka/Desktop/Folders/UE4Projects/GameJam/Content/StarterContent/Props/Materials/M_Frame.uasset" 467
"../../../../../../Users/Tishka/Desktop/Folders/UE4Projects/GameJam/Content/StarterContent/Props/SM_DoorFrame.uasset" 468
"../../../../../../Users/Tishka/Desktop/Folders/UE4Projects/GameJam/Content/Actors/NextLevel_1_2.uasset" 469
"../../../../../../Users/Tishka/Desktop/Folders/UE4Projects/GameJam/Content/Maps/Level_1.umap" 470
"../../../../../../Users/Tishka/Desktop/Folders/UE4Projects/GameJam/Content/ThirdPerson/Meshes/Linear_Stair_StaticMesh.uasset" 471
"../../../../../../Users/Tishka/Desktop/Folders/UE4Projects/GameJam/Content/StarterContent/Textures/T_TableRound_N.uasset" 472
"../../../../../../Users/Tishka/Desktop/Folders/UE4Projects/GameJam/Content/StarterContent/Textures/T_TableRound_M.uasset" 473
"../../../../../../Users/Tishka/Desktop/Folders/UE4Projects/GameJam/Content/StarterContent/Props/Materials/M_TableRound.uasset" 474
"../../../../../../Users/Tishka/Desktop/Folders/UE4Projects/GameJam/Content/StarterContent/Props/SM_TableRound.uasset" 475
"../../../../../../Users/Tishka/Desktop/Folders/UE4Projects/GameJam/Content/StarterContent/Textures/T_Statue_N.uasset" 476
"../../../../../../Users/Tishka/Desktop/Folders/UE4Projects/GameJam/Content/StarterContent/Textures/T_Statue_M.uasset" 477
"../../../../../../Users/Tishka/Desktop/Folders/UE4Projects/GameJam/Content/StarterContent/Props/Materials/M_Statue.uasset" 478
"../../../../../../Users/Tishka/Desktop/Folders/UE4Projects/GameJam/Content/StarterContent/Props/Materials/M_StatueGlass.uasset" 479
"../../../../../../Users/Tishka/Desktop/Folders/UE4Projects/GameJam/Content/StarterContent/Props/SM_Statue.uasset" 480
"../../../../../../Users/Tishka/Desktop/Folders/UE4Projects/GameJam/Content/StarterContent/Textures/T_Shelf_N.uasset" 481
"../../../../../../Users/Tishka/Desktop/Folders/UE4Projects/GameJam/Content/StarterContent/Textures/T_Shelf_M.uasset" 482
"../../../../../../Users/Tishka/Desktop/Folders/UE4Projects/GameJam/Content/StarterContent/Props/Materials/M_Shelf.uasset" 483
"../../../../../../Users/Tishka/Desktop/Folders/UE4Projects/GameJam/Content/StarterContent/Props/SM_Shelf.uasset" 484
"../../../../../../Users/Tishka/Desktop/Folders/UE4Projects/GameJam/Content/StarterContent/Textures/T_RockMesh_N.uasset" 485
"../../../../../../Users/Tishka/Desktop/Folders/UE4Projects/GameJam/Content/StarterContent/Textures/T_RockMesh_M.uasset" 486
"../../../../../../Users/Tishka/Desktop/Folders/UE4Projects/GameJam/Content/StarterContent/Textures/T_Rock_Basalt_D.uasset" 487
"../../../../../../Users/Tishka/Desktop/Folders/UE4Projects/GameJam/Content/StarterContent/Textures/T_Detail_Rocky_N.uasset" 488
"../../../../../../Users/Tishka/Desktop/Folders/UE4Projects/GameJam/Content/StarterContent/Props/Materials/M_Rock.uasset" 489
"../../../../../../Users/Tishka/Desktop/Folders/UE4Projects/GameJam/Content/StarterContent/Props/SM_Rock.uasset" 490
"../../../../../../Users/Tishka/Desktop/Folders/UE4Projects/GameJam/Content/StarterContent/Props/SM_PillarFrame300.uasset" 491
"../../../../../../Users/Tishka/Desktop/Folders/UE4Projects/GameJam/Content/StarterContent/Textures/T_Chair_N.uasset" 492
"../../../../../../Users/Tishka/Desktop/Folders/UE4Projects/GameJam/Content/StarterContent/Textures/T_Chair_M.uasset" 493
"../../../../../../Users/Tishka/Desktop/Folders/UE4Projects/GameJam/Content/StarterContent/Props/Materials/M_Chair.uasset" 494
"../../../../../../Users/Tishka/Desktop/Folders/UE4Projects/GameJam/Content/StarterContent/Props/SM_Couch.uasset" 495
"../../../../../../Users/Tishka/Desktop/Folders/UE4Projects/GameJam/Content/StarterContent/Props/SM_CornerFrame.uasset" 496
"../../../../../../Users/Tishka/Desktop/Folders/UE4Projects/GameJam/Content/StarterContent/Props/SM_Chair.uasset" 497
"../../../../../../Users/Tishka/Desktop/Folders/UE4Projects/GameJam/Content/StarterContent/Materials/M_Metal_Gold.uasset" 498
"../../../Engine/Content/EngineMaterials/Grid.uasset" 499
"../../../Engine/Content/EditorMaterials/Thumbnails/FloorPlaneMaterial.uasset" 500
"../../../../../../Users/Tishka/Desktop/Folders/UE4Projects/GameJam/Content/Actors/Plane_for_shadow_with_light.uasset" 501
"../../../../../../Users/Tishka/Desktop/Folders/UE4Projects/GameJam/Content/Actors/NextLevel_2_3.uasset" 502
"../../../../../../Users/Tishka/Desktop/Folders/UE4Projects/GameJam/Content/StarterContent/Architecture/Wall_500x500.uasset" 503
"../../../../../../Users/Tishka/Desktop/Folders/UE4Projects/GameJam/Content/Actors/Moving_Platform.uasset" 504
"../../../../../../Users/Tishka/Desktop/Folders/UE4Projects/GameJam/Content/Maps/Level_2.umap" 505
"../../../../../../Users/Tishka/Desktop/Folders/UE4Projects/GameJam/Content/Actors/PNG_Decals/W5421.uasset" 506
"../../../../../../Users/Tishka/Desktop/Folders/UE4Projects/GameJam/Content/Actors/PNG_Decals/W5421_Mat.uasset" 507
"../../../../../../Users/Tishka/Desktop/Folders/UE4Projects/GameJam/Content/Maps/Level_3_BuiltData.uasset" 508
"../../../../../../Users/Tishka/Desktop/Folders/UE4Projects/GameJam/Content/Actors/NextLevel_3_4.uasset" 509
"../../../../../../Users/Tishka/Desktop/Folders/UE4Projects/GameJam/Content/Maps/Level_3.umap" 510
"../../../../../../Users/Tishka/Desktop/Folders/UE4Projects/GameJam/Content/Actors/91-914928_fire-exit-left-arrow-emergency-exit-hd-png_Mat.uasset" 511
"../../../../../../Users/Tishka/Desktop/Folders/UE4Projects/GameJam/Content/Actors/StaticMesh.uasset" 512
"../../../../../../Users/Tishka/Desktop/Folders/UE4Projects/GameJam/Content/DefaultMaterials/M_Basic_Wall.uasset" 513
"../../../../../../Users/Tishka/Desktop/Folders/UE4Projects/GameJam/Content/Actors/PNG_Decals/WS26949-14__07598__05087_1595442760.uasset" 514
"../../../../../../Users/Tishka/Desktop/Folders/UE4Projects/GameJam/Content/Actors/PNG_Decals/WS26949-14__07598__05087_1595442760_Mat.uasset" 515
"../../../../../../Users/Tishka/Desktop/Folders/UE4Projects/GameJam/Content/Actors/PNG_Decals/918-9189604_mens-and-womens-restroom-left-bathroom-signs.uasset" 516
"../../../../../../Users/Tishka/Desktop/Folders/UE4Projects/GameJam/Content/Actors/PNG_Decals/918-9189604_mens-and-womens-restroom-left-bathroom-signs_Mat.uasset" 517
"../../../../../../Users/Tishka/Desktop/Folders/UE4Projects/GameJam/Content/Actors/NextLevel_4-5.uasset" 518
"../../../../../../Users/Tishka/Desktop/Folders/UE4Projects/GameJam/Content/Maps/Level_4.umap" 519
"../../../../../../Users/Tishka/Desktop/Folders/UE4Projects/GameJam/Content/StarterContent/Textures/T_Bush_N.uasset" 520
"../../../../../../Users/Tishka/Desktop/Folders/UE4Projects/GameJam/Content/StarterContent/Textures/T_Bush_D.uasset" 521
"../../../../../../Users/Tishka/Desktop/Folders/UE4Projects/GameJam/Content/StarterContent/Props/Materials/M_Bush.uasset" 522
"../../../../../../Users/Tishka/Desktop/Folders/UE4Projects/GameJam/Content/StarterContent/Props/SM_Bush.uasset" 523
"../../../Engine/Content/EngineSky/T_Sky_Stars.uasset" 524
"../../../Engine/Content/EngineSky/T_Sky_Clouds_M.uasset" 525
"../../../Engine/Content/EngineSky/T_Sky_Blue.uasset" 526
"../../../Engine/Content/EngineSky/M_Sky_Panning_Clouds2.uasset" 527
"../../../Engine/Content/EngineSky/SM_SkySphere.uasset" 528
"../../../Engine/Content/EngineSky/C_Sky_Zenith_Color.uasset" 529
"../../../Engine/Content/EngineSky/C_Sky_Horizon_Color.uasset" 530
"../../../Engine/Content/EngineSky/C_Sky_Cloud_Color.uasset" 531
"../../../Engine/Content/EngineSky/BP_Sky_Sphere.uasset" 532
"../../../../../../Users/Tishka/Desktop/Folders/UE4Projects/GameJam/Content/Maps/Level_5.umap" 533
"../../../../../../Users/Tishka/Desktop/Folders/UE4Projects/GameJam/Content/Maps/MainMap_BuiltData.uasset" 534
"../../../../../../Users/Tishka/Desktop/Folders/UE4Projects/GameJam/Content/Maps/MainMap.umap" 535
"../../../../../../Users/Tishka/Desktop/Folders/UE4Projects/GameJam/Content/StarterContent/Materials/M_AssetPlatform.uasset" 536
"../../../../../../Users/Tishka/Desktop/Folders/UE4Projects/GameJam/Content/StarterContent/Architecture/SM_AssetPlatform.uasset" 537
"../../../Engine/Content/EditorMeshes/ColorCalibrator/Color_checker.uasset" 538
"../../../Engine/Content/EditorMeshes/ColorCalibrator/M_ColorGrid.uasset" 539
"../../../Engine/Content/EditorMeshes/ColorCalibrator/M_ClearCoatBlack.uasset" 540
"../../../Engine/Content/EditorMeshes/ColorCalibrator/M_ClearCoat.uasset" 541
"../../../Engine/Content/EditorMeshes/ColorCalibrator/M_ChromeBall.uasset" 542
"../../../Engine/Content/EditorMeshes/ColorCalibrator/SM_ColorCalibrator.uasset" 543
"../../../../../../Users/Tishka/Desktop/Folders/UE4Projects/GameJam/Content/StarterContent/Maps/Advanced_Lighting_BuiltData.uasset" 544
"../../../../../../Users/Tishka/Desktop/Folders/UE4Projects/GameJam/Content/StarterContent/HDRI/HDRI_Epic_Courtyard_Daylight.uasset" 545
"../../../Engine/Content/MapTemplates/Sky/DaylightAmbientCubemap.uasset" 546
"../../../../../../Users/Tishka/Desktop/Folders/UE4Projects/GameJam/Content/StarterContent/Blueprints/Assets/M_LightStage_Skybox_Master.uasset" 547
"../../../../../../Users/Tishka/Desktop/Folders/UE4Projects/GameJam/Content/StarterContent/Blueprints/Assets/M_LightStage_Skybox_HDRI.uasset" 548
"../../../../../../Users/Tishka/Desktop/Folders/UE4Projects/GameJam/Content/StarterContent/Blueprints/Assets/M_LightStage_Arrows.uasset" 549
"../../../../../../Users/Tishka/Desktop/Folders/UE4Projects/GameJam/Content/StarterContent/Blueprints/Assets/SM_Arrows.uasset" 550
"../../../Engine/Content/EditorMaterials/Thumbnails/SkySphereMaterial.uasset" 551
"../../../../../../Users/Tishka/Desktop/Folders/UE4Projects/GameJam/Content/StarterContent/Blueprints/Assets/Skybox.uasset" 552
"../../../../../../Users/Tishka/Desktop/Folders/UE4Projects/GameJam/Content/StarterContent/Blueprints/Assets/M_LightStage_Skybox_Black.uasset" 553
"../../../../../../Users/Tishka/Desktop/Folders/UE4Projects/GameJam/Content/StarterContent/Blueprints/Assets/SunlightColorLUT.uasset" 554
"../../../../../../Users/Tishka/Desktop/Folders/UE4Projects/GameJam/Content/StarterContent/Blueprints/Assets/FogBrightnessLUT.uasset" 555
"../../../../../../Users/Tishka/Desktop/Folders/UE4Projects/GameJam/Content/StarterContent/Blueprints/BP_LightStudio.uasset" 556
"../../../../../../Users/Tishka/Desktop/Folders/UE4Projects/GameJam/Content/StarterContent/Maps/Advanced_Lighting.umap" 557
"../../../../../../Users/Tishka/Desktop/Folders/UE4Projects/GameJam/Content/StarterContent/Audio/Starter_Background_Cue.uasset" 558
"../../../../../../Users/Tishka/Desktop/Folders/UE4Projects/GameJam/Content/StarterContent/Architecture/Floor_400x400.uasset" 559
"../../../../../../Users/Tishka/Desktop/Folders/UE4Projects/GameJam/Content/StarterContent/Materials/M_Metal_Copper.uasset" 560
"../../../../../../Users/Tishka/Desktop/Folders/UE4Projects/GameJam/Content/StarterContent/Textures/T_Metal_Aluminum_D.uasset" 561
"../../../../../../Users/Tishka/Desktop/Folders/UE4Projects/GameJam/Content/StarterContent/Materials/M_Metal_Burnished_Steel.uasset" 562
"../../../../../../Users/Tishka/Desktop/Folders/UE4Projects/GameJam/Content/StarterContent/Materials/M_Metal_Brushed_Nickel.uasset" 563
"../../../../../../Users/Tishka/Desktop/Folders/UE4Projects/GameJam/Content/StarterContent/Maps/Minimal_Default_BuiltData.uasset" 564
"../../../../../../Users/Tishka/Desktop/Folders/UE4Projects/GameJam/Content/StarterContent/Maps/Minimal_Default.umap" 565
"../../../../../../Users/Tishka/Desktop/Folders/UE4Projects/GameJam/Content/StarterContent/Audio/Fire_Sparks01_Cue.uasset" 566
"../../../../../../Users/Tishka/Desktop/Folders/UE4Projects/GameJam/Content/StarterContent/Textures/T_Spark_Core.uasset" 567
"../../../../../../Users/Tishka/Desktop/Folders/UE4Projects/GameJam/Content/StarterContent/Particles/Materials/M_Spark.uasset" 568
"../../../../../../Users/Tishka/Desktop/Folders/UE4Projects/GameJam/Content/StarterContent/Particles/P_Sparks.uasset" 569
"../../../../../../Users/Tishka/Desktop/Folders/UE4Projects/GameJam/Content/StarterContent/Blueprints/Blueprint_Effect_Sparks.uasset" 570
"../../../../../../Users/Tishka/Desktop/Folders/UE4Projects/GameJam/Content/StarterContent/Particles/P_Smoke.uasset" 571
"../../../../../../Users/Tishka/Desktop/Folders/UE4Projects/GameJam/Content/StarterContent/Audio/Smoke01_Cue.uasset" 572
"../../../../../../Users/Tishka/Desktop/Folders/UE4Projects/GameJam/Content/StarterContent/Blueprints/Blueprint_Effect_Smoke.uasset" 573
"../../../../../../Users/Tishka/Desktop/Folders/UE4Projects/GameJam/Content/StarterContent/Audio/Fire01_Cue.uasset" 574
"../../../../../../Users/Tishka/Desktop/Folders/UE4Projects/GameJam/Content/StarterContent/Blueprints/Blueprint_Effect_Fire.uasset" 575
"../../../../../../Users/Tishka/Desktop/Folders/UE4Projects/GameJam/Content/StarterContent/Textures/T_Lamp_N.uasset" 576
"../../../../../../Users/Tishka/Desktop/Folders/UE4Projects/GameJam/Content/StarterContent/Textures/T_Lamp_M.uasset" 577
"../../../../../../Users/Tishka/Desktop/Folders/UE4Projects/GameJam/Content/StarterContent/Props/Materials/M_Lamp.uasset" 578
"../../../../../../Users/Tishka/Desktop/Folders/UE4Projects/GameJam/Content/StarterContent/Props/SM_Lamp_Ceiling.uasset" 579
"../../../../../../Users/Tishka/Desktop/Folders/UE4Projects/GameJam/Content/StarterContent/Blueprints/Blueprint_CeilingLight.uasset" 580
"../../../../../../Users/Tishka/Desktop/Folders/UE4Projects/GameJam/Content/StarterContent/Audio/Starter_Music_Cue.uasset" 581
"../../../../../../Users/Tishka/Desktop/Folders/UE4Projects/GameJam/Content/StarterContent/Audio/Collapse_Cue.uasset" 582
"../../../../../../Users/Tishka/Desktop/Folders/UE4Projects/GameJam/Content/StarterContent/Architecture/Wall_Window_400x300.uasset" 583
"../../../../../../Users/Tishka/Desktop/Folders/UE4Projects/GameJam/Content/StarterContent/Shapes/Shape_Sphere.uasset" 584
"../../../../../../Users/Tishka/Desktop/Folders/UE4Projects/GameJam/Content/StarterContent/Shapes/Shape_QuadPyramid.uasset" 585
"../../../../../../Users/Tishka/Desktop/Folders/UE4Projects/GameJam/Content/StarterContent/Props/SM_WindowFrame.uasset" 586
"../../../../../../Users/Tishka/Desktop/Folders/UE4Projects/GameJam/Content/StarterContent/Props/SM_PillarFrame.uasset" 587
"../../../../../../Users/Tishka/Desktop/Folders/UE4Projects/GameJam/Content/StarterContent/Props/SM_GlassWindow.uasset" 588
"../../../../../../Users/Tishka/Desktop/Folders/UE4Projects/GameJam/Content/StarterContent/Props/MaterialSphere.uasset" 589
"../../../../../../Users/Tishka/Desktop/Folders/UE4Projects/GameJam/Content/StarterContent/Textures/T_Dust_Particle_D.uasset" 590
"../../../../../../Users/Tishka/Desktop/Folders/UE4Projects/GameJam/Content/StarterContent/Particles/Materials/M_Dust_Particle.uasset" 591
"../../../../../../Users/Tishka/Desktop/Folders/UE4Projects/GameJam/Content/StarterContent/Particles/P_Ambient_Dust.uasset" 592
"../../../../../../Users/Tishka/Desktop/Folders/UE4Projects/GameJam/Content/StarterContent/Textures/T_Wood_Walnut_N.uasset" 593
"../../../../../../Users/Tishka/Desktop/Folders/UE4Projects/GameJam/Content/StarterContent/Textures/T_Wood_Walnut_D.uasset" 594
"../../../../../../Users/Tishka/Desktop/Folders/UE4Projects/GameJam/Content/StarterContent/Materials/M_Wood_Walnut.uasset" 595
"../../../../../../Users/Tishka/Desktop/Folders/UE4Projects/GameJam/Content/StarterContent/Textures/T_Wood_Pine_N.uasset" 596
"../../../../../../Users/Tishka/Desktop/Folders/UE4Projects/GameJam/Content/StarterContent/Textures/T_Wood_Pine_D.uasset" 597
"../../../../../../Users/Tishka/Desktop/Folders/UE4Projects/GameJam/Content/StarterContent/Materials/M_Wood_Pine.uasset" 598
"../../../../../../Users/Tishka/Desktop/Folders/UE4Projects/GameJam/Content/StarterContent/Textures/T_Wood_Oak_N.uasset" 599
"../../../../../../Users/Tishka/Desktop/Folders/UE4Projects/GameJam/Content/StarterContent/Textures/T_Wood_Oak_D.uasset" 600
"../../../../../../Users/Tishka/Desktop/Folders/UE4Projects/GameJam/Content/StarterContent/Materials/M_Wood_Oak.uasset" 601
"../../../Engine/Content/Functions/Engine_MaterialFunctions01/Opacity/AlphaOffset.uasset" 602
"../../../../../../Users/Tishka/Desktop/Folders/UE4Projects/GameJam/Content/StarterContent/Materials/M_Wood_Floor_Walnut_Worn.uasset" 603
"../../../../../../Users/Tishka/Desktop/Folders/UE4Projects/GameJam/Content/StarterContent/Textures/T_Water_M.uasset" 604
"../../../../../../Users/Tishka/Desktop/Folders/UE4Projects/GameJam/Content/StarterContent/Materials/M_Water_Ocean.uasset" 605
"../../../../../../Users/Tishka/Desktop/Folders/UE4Projects/GameJam/Content/StarterContent/Materials/M_Water_Lake.uasset" 606
"../../../../../../Users/Tishka/Desktop/Folders/UE4Projects/GameJam/Content/StarterContent/Textures/T_Tech_Panel_N.uasset" 607
"../../../../../../Users/Tishka/Desktop/Folders/UE4Projects/GameJam/Content/StarterContent/Textures/T_Tech_Panel_M.uasset" 608
"../../../../../../Users/Tishka/Desktop/Folders/UE4Projects/GameJam/Content/StarterContent/Textures/T_Metal_Steel_D.uasset" 609
"../../../../../../Users/Tishka/Desktop/Folders/UE4Projects/GameJam/Content/StarterContent/Materials/M_Tech_Panel.uasset" 610
"../../../../../../Users/Tishka/Desktop/Folders/UE4Projects/GameJam/Content/StarterContent/Textures/T_Tech_Hex_Tile_N.uasset" 611
"../../../../../../Users/Tishka/Desktop/Folders/UE4Projects/GameJam/Content/StarterContent/Textures/T_Tech_Hex_Tile_M.uasset" 612
"../../../../../../Users/Tishka/Desktop/Folders/UE4Projects/GameJam/Content/StarterContent/Materials/M_Tech_Hex_Tile_Pulse.uasset" 613
"../../../../../../Users/Tishka/Desktop/Folders/UE4Projects/GameJam/Content/StarterContent/Materials/M_Tech_Hex_Tile.uasset" 614
"../../../../../../Users/Tishka/Desktop/Folders/UE4Projects/GameJam/Content/StarterContent/Textures/T_Tech_Dot_N.uasset" 615
"../../../../../../Users/Tishka/Desktop/Folders/UE4Projects/GameJam/Content/StarterContent/Textures/T_Tech_Dot_M.uasset" 616
"../../../../../../Users/Tishka/Desktop/Folders/UE4Projects/GameJam/Content/StarterContent/Textures/T_Single_Tile_N.uasset" 617
"../../../../../../Users/Tishka/Desktop/Folders/UE4Projects/GameJam/Content/StarterContent/Textures/T_Checker_Noise_M.uasset" 618
"../../../../../../Users/Tishka/Desktop/Folders/UE4Projects/GameJam/Content/StarterContent/Materials/M_Tech_Checker_Dot.uasset" 619
"../../../../../../Users/Tishka/Desktop/Folders/UE4Projects/GameJam/Content/StarterContent/Textures/T_Rock_Slate_N.uasset" 620
"../../../../../../Users/Tishka/Desktop/Folders/UE4Projects/GameJam/Content/StarterContent/Textures/T_Rock_Slate_D.uasset" 621
"../../../../../../Users/Tishka/Desktop/Folders/UE4Projects/GameJam/Content/StarterContent/Materials/M_Rock_Slate.uasset" 622
"../../../../../../Users/Tishka/Desktop/Folders/UE4Projects/GameJam/Content/StarterContent/Textures/T_Rock_Sandstone_N.uasset" 623
"../../../../../../Users/Tishka/Desktop/Folders/UE4Projects/GameJam/Content/StarterContent/Textures/T_Rock_Sandstone_D.uasset" 624
"../../../../../../Users/Tishka/Desktop/Folders/UE4Projects/GameJam/Content/StarterContent/Materials/M_Rock_Sandstone.uasset" 625
"../../../../../../Users/Tishka/Desktop/Folders/UE4Projects/GameJam/Content/StarterContent/Textures/T_Rock_Marble_Polished_D.uasset" 626
"../../../../../../Users/Tishka/Desktop/Folders/UE4Projects/GameJam/Content/StarterContent/Materials/M_Rock_Marble_Polished.uasset" 627
"../../../../../../Users/Tishka/Desktop/Folders/UE4Projects/GameJam/Content/StarterContent/Textures/T_Rock_Basalt_N.uasset" 628
"../../../../../../Users/Tishka/Desktop/Folders/UE4Projects/GameJam/Content/StarterContent/Materials/M_Rock_Basalt.uasset" 629
"../../../../../../Users/Tishka/Desktop/Folders/UE4Projects/GameJam/Content/StarterContent/Textures/T_Metal_Steel_N.uasset" 630
"../../../../../../Users/Tishka/Desktop/Folders/UE4Projects/GameJam/Content/StarterContent/Materials/M_Metal_Steel.uasset" 631
"../../../../../../Users/Tishka/Desktop/Folders/UE4Projects/GameJam/Content/StarterContent/Textures/T_Metal_Rust_D.uasset" 632
"../../../../../../Users/Tishka/Desktop/Folders/UE4Projects/GameJam/Content/StarterContent/Textures/T_Metal_Rust_N.uasset" 633
"../../../../../../Users/Tishka/Desktop/Folders/UE4Projects/GameJam/Content/StarterContent/Materials/M_Metal_Rust.uasset" 634
"../../../../../../Users/Tishka/Desktop/Folders/UE4Projects/GameJam/Content/StarterContent/Materials/M_Metal_Chrome.uasset" 635
"../../../../../../Users/Tishka/Desktop/Folders/UE4Projects/GameJam/Content/StarterContent/Textures/T_Ground_Moss_N.uasset" 636
"../../../../../../Users/Tishka/Desktop/Folders/UE4Projects/GameJam/Content/StarterContent/Textures/T_ground_Moss_D.uasset" 637
"../../../../../../Users/Tishka/Desktop/Folders/UE4Projects/GameJam/Content/StarterContent/Materials/M_Ground_Moss.uasset" 638
"../../../../../../Users/Tishka/Desktop/Folders/UE4Projects/GameJam/Content/StarterContent/Textures/T_Ground_Gravel_N.uasset" 639
"../../../../../../Users/Tishka/Desktop/Folders/UE4Projects/GameJam/Content/StarterContent/Textures/T_Ground_Gravel_D.uasset" 640
"../../../../../../Users/Tishka/Desktop/Folders/UE4Projects/GameJam/Content/StarterContent/Materials/M_Ground_Gravel.uasset" 641
"../../../../../../Users/Tishka/Desktop/Folders/UE4Projects/GameJam/Content/StarterContent/Textures/T_Concrete_Tiles_Variation_M.uasset" 642
"../../../../../../Users/Tishka/Desktop/Folders/UE4Projects/GameJam/Content/StarterContent/Textures/T_Concrete_Tiles_N.uasset" 643
"../../../../../../Users/Tishka/Desktop/Folders/UE4Projects/GameJam/Content/StarterContent/Textures/T_Concrete_Tiles_M.uasset" 644
"../../../../../../Users/Tishka/Desktop/Folders/UE4Projects/GameJam/Content/StarterContent/Textures/T_Concrete_Tiles_D.uasset" 645
"../../../../../../Users/Tishka/Desktop/Folders/UE4Projects/GameJam/Content/StarterContent/Materials/M_Concrete_Tiles.uasset" 646
"../../../../../../Users/Tishka/Desktop/Folders/UE4Projects/GameJam/Content/StarterContent/Textures/T_Concrete_Panels_N.uasset" 647
"../../../../../../Users/Tishka/Desktop/Folders/UE4Projects/GameJam/Content/StarterContent/Textures/T_Concrete_Panels_D.uasset" 648
"../../../../../../Users/Tishka/Desktop/Folders/UE4Projects/GameJam/Content/StarterContent/Materials/M_Concrete_Panels.uasset" 649
"../../../../../../Users/Tishka/Desktop/Folders/UE4Projects/GameJam/Content/StarterContent/Textures/T_Concrete_Grime_D.uasset" 650
"../../../../../../Users/Tishka/Desktop/Folders/UE4Projects/GameJam/Content/StarterContent/Materials/M_Concrete_Grime.uasset" 651
"../../../../../../Users/Tishka/Desktop/Folders/UE4Projects/GameJam/Content/StarterContent/Textures/T_CobbleStone_Smooth_N.uasset" 652
"../../../../../../Users/Tishka/Desktop/Folders/UE4Projects/GameJam/Content/StarterContent/Textures/T_CobbleStone_Smooth_M.uasset" 653
"../../../../../../Users/Tishka/Desktop/Folders/UE4Projects/GameJam/Content/StarterContent/Textures/T_CobbleStone_Smooth_D.uasset" 654
"../../../../../../Users/Tishka/Desktop/Folders/UE4Projects/GameJam/Content/StarterContent/Textures/T_Rock_Smooth_Granite_D.uasset" 655
"../../../../../../Users/Tishka/Desktop/Folders/UE4Projects/GameJam/Content/StarterContent/Textures/T_Gradinet_01.uasset" 656
"../../../../../../Users/Tishka/Desktop/Folders/UE4Projects/GameJam/Content/StarterContent/Materials/M_CobbleStone_Smooth.uasset" 657
"../../../../../../Users/Tishka/Desktop/Folders/UE4Projects/GameJam/Content/StarterContent/Textures/T_CobbleStone_Rough_N.uasset" 658
"../../../../../../Users/Tishka/Desktop/Folders/UE4Projects/GameJam/Content/StarterContent/Textures/T_CobbleStone_Rough_D.uasset" 659
"../../../../../../Users/Tishka/Desktop/Folders/UE4Projects/GameJam/Content/StarterContent/Materials/M_CobbleStone_Rough.uasset" 660
"../../../../../../Users/Tishka/Desktop/Folders/UE4Projects/GameJam/Content/StarterContent/Textures/T_CobbleStone_Pebble_N.uasset" 661
"../../../../../../Users/Tishka/Desktop/Folders/UE4Projects/GameJam/Content/StarterContent/Textures/T_CobbleStone_Pebble_M.uasset" 662
"../../../../../../Users/Tishka/Desktop/Folders/UE4Projects/GameJam/Content/StarterContent/Textures/T_CobbleStone_Pebble_D.uasset" 663
"../../../../../../Users/Tishka/Desktop/Folders/UE4Projects/GameJam/Content/StarterContent/Materials/M_CobbleStone_Pebble.uasset" 664
"../../../../../../Users/Tishka/Desktop/Folders/UE4Projects/GameJam/Content/StarterContent/Textures/T_Ceramic_Tile_N.uasset" 665
"../../../../../../Users/Tishka/Desktop/Folders/UE4Projects/GameJam/Content/StarterContent/Textures/T_Ceramic_Tile_M.uasset" 666
"../../../../../../Users/Tishka/Desktop/Folders/UE4Projects/GameJam/Content/StarterContent/Materials/M_Ceramic_Tile_Checker.uasset" 667
"../../../../../../Users/Tishka/Desktop/Folders/UE4Projects/GameJam/Content/StarterContent/Textures/T_Brick_Hewn_Stone_N.uasset" 668
"../../../../../../Users/Tishka/Desktop/Folders/UE4Projects/GameJam/Content/StarterContent/Textures/T_Brick_Hewn_Stone_M.uasset" 669
"../../../../../../Users/Tishka/Desktop/Folders/UE4Projects/GameJam/Content/StarterContent/Textures/T_Brick_Hewn_Stone_D.uasset" 670
"../../../../../../Users/Tishka/Desktop/Folders/UE4Projects/GameJam/Content/StarterContent/Materials/M_Brick_Hewn_Stone.uasset" 671
"../../../../../../Users/Tishka/Desktop/Folders/UE4Projects/GameJam/Content/StarterContent/Textures/T_Brick_Cut_Stone_N.uasset" 672
"../../../../../../Users/Tishka/Desktop/Folders/UE4Projects/GameJam/Content/StarterContent/Textures/T_Brick_Cut_Stone_D.uasset" 673
"../../../../../../Users/Tishka/Desktop/Folders/UE4Projects/GameJam/Content/StarterContent/Materials/M_Brick_Cut_Stone.uasset" 674
"../../../../../../Users/Tishka/Desktop/Folders/UE4Projects/GameJam/Content/StarterContent/Textures/T_Brick_Clay_Old_N.uasset" 675
"../../../../../../Users/Tishka/Desktop/Folders/UE4Projects/GameJam/Content/StarterContent/Textures/T_Brick_Clay_Old_D.uasset" 676
"../../../../../../Users/Tishka/Desktop/Folders/UE4Projects/GameJam/Content/StarterContent/Materials/M_Brick_Clay_Old.uasset" 677
"../../../../../../Users/Tishka/Desktop/Folders/UE4Projects/GameJam/Content/StarterContent/Textures/T_Brick_Clay_New_N.uasset" 678
"../../../../../../Users/Tishka/Desktop/Folders/UE4Projects/GameJam/Content/StarterContent/Textures/T_Brick_Clay_New_M.uasset" 679
"../../../../../../Users/Tishka/Desktop/Folders/UE4Projects/GameJam/Content/StarterContent/Textures/T_Brick_Clay_New_D.uasset" 680
"../../../../../../Users/Tishka/Desktop/Folders/UE4Projects/GameJam/Content/StarterContent/Materials/M_Brick_Clay_New.uasset" 681
"../../../../../../Users/Tishka/Desktop/Folders/UE4Projects/GameJam/Content/StarterContent/Textures/T_Brick_Clay_Beveled_N.uasset" 682
"../../../../../../Users/Tishka/Desktop/Folders/UE4Projects/GameJam/Content/StarterContent/Textures/T_Brick_Clay_Beveled_M.uasset" 683
"../../../../../../Users/Tishka/Desktop/Folders/UE4Projects/GameJam/Content/StarterContent/Textures/T_Brick_Clay_Beveled_D.uasset" 684
"../../../../../../Users/Tishka/Desktop/Folders/UE4Projects/GameJam/Content/StarterContent/Materials/M_Brick_Clay_Beveled.uasset" 685
"../../../Engine/Content/Functions/Engine_MaterialFunctions03/Procedurals/ComputeFilterWidth.uasset" 686
"../../../Engine/Content/EngineMaterials/AntiAliasedTextMaterialTranslucent.uasset" 687
"../../../../../../Users/Tishka/Desktop/Folders/UE4Projects/GameJam/Content/StarterContent/Maps/StarterMap_BuiltData.uasset" 688
"../../../../../../Users/Tishka/Desktop/Folders/UE4Projects/GameJam/Content/StarterContent/Textures/T_Concrete_Poured_N.uasset" 689
"../../../../../../Users/Tishka/Desktop/Folders/UE4Projects/GameJam/Content/StarterContent/Textures/T_Concrete_Poured_D.uasset" 690
"../../../../../../Users/Tishka/Desktop/Folders/UE4Projects/GameJam/Content/StarterContent/Materials/M_Concrete_Poured.uasset" 691
"../../../../../../Users/Tishka/Desktop/Folders/UE4Projects/GameJam/Content/StarterContent/Props/SM_Lamp_Wall.uasset" 692
"../../../../../../Users/Tishka/Desktop/Folders/UE4Projects/GameJam/Content/StarterContent/Blueprints/Blueprint_WallSconce.uasset" 693
"../../../../../../Users/Tishka/Desktop/Folders/UE4Projects/GameJam/Content/StarterContent/Audio/Steam01_Cue.uasset" 694
"../../../../../../Users/Tishka/Desktop/Folders/UE4Projects/GameJam/Content/StarterContent/Particles/P_Steam_Lit.uasset" 695
"../../../../../../Users/Tishka/Desktop/Folders/UE4Projects/GameJam/Content/StarterContent/Blueprints/Blueprint_Effect_Steam.uasset" 696
"../../../../../../Users/Tishka/Desktop/Folders/UE4Projects/GameJam/Content/StarterContent/Maps/StarterMap.umap" 697
